<?xml version="1.0" encoding="UTF-8"?>
<testsuite xmlns:xsi="http://www.w3.org/2001/XMLSchema-instance" xsi:noNamespaceSchemaLocation="https://maven.apache.org/surefire/maven-surefire-plugin/xsd/surefire-test-report.xsd" version="3.0.2" name="com.kishore.springboot_lambda.StreamLambdaHandlerTest" time="5.072" tests="2" errors="0" skipped="0" failures="0">
  <properties>
    <property name="java.specification.version" value="17"/>
    <property name="sun.jnu.encoding" value="UTF-8"/>
    <property name="java.class.path" value="/home/kishore-rajkumar/eclipse-workspacee/springboot-lambda/target/test-classes:/home/kishore-rajkumar/eclipse-workspacee/springboot-lambda/target/classes:/home/kishore-rajkumar/.m2/repository/com/amazonaws/serverless/aws-serverless-java-container-springboot3/2.1.4/aws-serverless-java-container-springboot3-2.1.4.jar:/home/kishore-rajkumar/.m2/repository/org/springframework/cloud/spring-cloud-function-serverless-web/4.1.5/spring-cloud-function-serverless-web-4.1.5.jar:/home/kishore-rajkumar/.m2/repository/com/amazonaws/serverless/aws-serverless-java-container-core/2.1.4/aws-serverless-java-container-core-2.1.4.jar:/home/kishore-rajkumar/.m2/repository/org/slf4j/slf4j-api/2.0.17/slf4j-api-2.0.17.jar:/home/kishore-rajkumar/.m2/repository/com/amazonaws/serverless/aws-serverless-java-container-core/2.1.4/aws-serverless-java-container-core-2.1.4-tests.jar:/home/kishore-rajkumar/.m2/repository/com/amazonaws/aws-lambda-java-core/1.2.3/aws-lambda-java-core-1.2.3.jar:/home/kishore-rajkumar/.m2/repository/jakarta/servlet/jakarta.servlet-api/6.0.0/jakarta.servlet-api-6.0.0.jar:/home/kishore-rajkumar/.m2/repository/jakarta/ws/rs/jakarta.ws.rs-api/3.1.0/jakarta.ws.rs-api-3.1.0.jar:/home/kishore-rajkumar/.m2/repository/com/fasterxml/jackson/core/jackson-databind/2.18.3/jackson-databind-2.18.3.jar:/home/kishore-rajkumar/.m2/repository/com/fasterxml/jackson/core/jackson-annotations/2.18.3/jackson-annotations-2.18.3.jar:/home/kishore-rajkumar/.m2/repository/com/fasterxml/jackson/core/jackson-core/2.18.3/jackson-core-2.18.3.jar:/home/kishore-rajkumar/.m2/repository/com/fasterxml/jackson/module/jackson-module-afterburner/2.18.3/jackson-module-afterburner-2.18.3.jar:/home/kishore-rajkumar/.m2/repository/org/apache/commons/commons-fileupload2-jakarta-servlet6/2.0.0-M4/commons-fileupload2-jakarta-servlet6-2.0.0-M4.jar:/home/kishore-rajkumar/.m2/repository/org/apache/commons/commons-fileupload2-core/2.0.0-M4/commons-fileupload2-core-2.0.0-M4.jar:/home/kishore-rajkumar/.m2/repository/commons-io/commons-io/2.19.0/commons-io-2.19.0.jar:/home/kishore-rajkumar/.m2/repository/org/apache/httpcomponents/client5/httpclient5/5.4.3/httpclient5-5.4.3.jar:/home/kishore-rajkumar/.m2/repository/org/apache/httpcomponents/core5/httpcore5/5.3.4/httpcore5-5.3.4.jar:/home/kishore-rajkumar/.m2/repository/org/apache/httpcomponents/core5/httpcore5-h2/5.3.4/httpcore5-h2-5.3.4.jar:/home/kishore-rajkumar/.m2/repository/org/springframework/boot/spring-boot-starter-web/3.4.5/spring-boot-starter-web-3.4.5.jar:/home/kishore-rajkumar/.m2/repository/org/springframework/boot/spring-boot-starter/3.4.5/spring-boot-starter-3.4.5.jar:/home/kishore-rajkumar/.m2/repository/org/springframework/boot/spring-boot/3.4.5/spring-boot-3.4.5.jar:/home/kishore-rajkumar/.m2/repository/org/springframework/boot/spring-boot-autoconfigure/3.4.5/spring-boot-autoconfigure-3.4.5.jar:/home/kishore-rajkumar/.m2/repository/org/springframework/boot/spring-boot-starter-logging/3.4.5/spring-boot-starter-logging-3.4.5.jar:/home/kishore-rajkumar/.m2/repository/ch/qos/logback/logback-classic/1.5.18/logback-classic-1.5.18.jar:/home/kishore-rajkumar/.m2/repository/ch/qos/logback/logback-core/1.5.18/logback-core-1.5.18.jar:/home/kishore-rajkumar/.m2/repository/org/apache/logging/log4j/log4j-to-slf4j/2.24.3/log4j-to-slf4j-2.24.3.jar:/home/kishore-rajkumar/.m2/repository/org/apache/logging/log4j/log4j-api/2.24.3/log4j-api-2.24.3.jar:/home/kishore-rajkumar/.m2/repository/org/slf4j/jul-to-slf4j/2.0.17/jul-to-slf4j-2.0.17.jar:/home/kishore-rajkumar/.m2/repository/jakarta/annotation/jakarta.annotation-api/2.1.1/jakarta.annotation-api-2.1.1.jar:/home/kishore-rajkumar/.m2/repository/org/springframework/spring-core/6.2.6/spring-core-6.2.6.jar:/home/kishore-rajkumar/.m2/repository/org/springframework/spring-jcl/6.2.6/spring-jcl-6.2.6.jar:/home/kishore-rajkumar/.m2/repository/org/yaml/snakeyaml/2.3/snakeyaml-2.3.jar:/home/kishore-rajkumar/.m2/repository/org/springframework/boot/spring-boot-starter-json/3.4.5/spring-boot-starter-json-3.4.5.jar:/home/kishore-rajkumar/.m2/repository/com/fasterxml/jackson/datatype/jackson-datatype-jdk8/2.18.3/jackson-datatype-jdk8-2.18.3.jar:/home/kishore-rajkumar/.m2/repository/com/fasterxml/jackson/datatype/jackson-datatype-jsr310/2.18.3/jackson-datatype-jsr310-2.18.3.jar:/home/kishore-rajkumar/.m2/repository/com/fasterxml/jackson/module/jackson-module-parameter-names/2.18.3/jackson-module-parameter-names-2.18.3.jar:/home/kishore-rajkumar/.m2/repository/org/springframework/spring-web/6.2.6/spring-web-6.2.6.jar:/home/kishore-rajkumar/.m2/repository/org/springframework/spring-beans/6.2.6/spring-beans-6.2.6.jar:/home/kishore-rajkumar/.m2/repository/io/micrometer/micrometer-observation/1.14.6/micrometer-observation-1.14.6.jar:/home/kishore-rajkumar/.m2/repository/io/micrometer/micrometer-commons/1.14.6/micrometer-commons-1.14.6.jar:/home/kishore-rajkumar/.m2/repository/org/springframework/spring-webmvc/6.2.6/spring-webmvc-6.2.6.jar:/home/kishore-rajkumar/.m2/repository/org/springframework/spring-aop/6.2.6/spring-aop-6.2.6.jar:/home/kishore-rajkumar/.m2/repository/org/springframework/spring-context/6.2.6/spring-context-6.2.6.jar:/home/kishore-rajkumar/.m2/repository/org/springframework/spring-expression/6.2.6/spring-expression-6.2.6.jar:/home/kishore-rajkumar/.m2/repository/org/junit/jupiter/junit-jupiter/5.12.2/junit-jupiter-5.12.2.jar:/home/kishore-rajkumar/.m2/repository/org/junit/jupiter/junit-jupiter-api/5.12.2/junit-jupiter-api-5.12.2.jar:/home/kishore-rajkumar/.m2/repository/org/opentest4j/opentest4j/1.3.0/opentest4j-1.3.0.jar:/home/kishore-rajkumar/.m2/repository/org/junit/platform/junit-platform-commons/1.12.2/junit-platform-commons-1.12.2.jar:/home/kishore-rajkumar/.m2/repository/org/apiguardian/apiguardian-api/1.1.2/apiguardian-api-1.1.2.jar:/home/kishore-rajkumar/.m2/repository/org/junit/jupiter/junit-jupiter-params/5.12.2/junit-jupiter-params-5.12.2.jar:/home/kishore-rajkumar/.m2/repository/org/junit/jupiter/junit-jupiter-engine/5.12.2/junit-jupiter-engine-5.12.2.jar:/home/kishore-rajkumar/.m2/repository/org/junit/platform/junit-platform-engine/1.12.2/junit-platform-engine-1.12.2.jar:"/>
    <property name="java.vm.vendor" value="Ubuntu"/>
    <property name="sun.arch.data.model" value="64"/>
    <property name="java.vendor.url" value="https://ubuntu.com/"/>
    <property name="user.timezone" value="Asia/Kolkata"/>
    <property name="os.name" value="Linux"/>
    <property name="java.vm.specification.version" value="17"/>
    <property name="sun.java.launcher" value="SUN_STANDARD"/>
    <property name="user.country" value="US"/>
    <property name="sun.boot.library.path" value="/usr/lib/jvm/java-17-openjdk-amd64/lib"/>
    <property name="sun.java.command" value="/home/kishore-rajkumar/eclipse-workspacee/springboot-lambda/target/surefire/surefirebooter-20250825200210269_3.jar /home/kishore-rajkumar/eclipse-workspacee/springboot-lambda/target/surefire 2025-08-25T20-02-09_977-jvmRun1 surefire-20250825200210269_1tmp surefire_0-20250825200210269_2tmp"/>
    <property name="jdk.debug" value="release"/>
    <property name="surefire.test.class.path" value="/home/kishore-rajkumar/eclipse-workspacee/springboot-lambda/target/test-classes:/home/kishore-rajkumar/eclipse-workspacee/springboot-lambda/target/classes:/home/kishore-rajkumar/.m2/repository/com/amazonaws/serverless/aws-serverless-java-container-springboot3/2.1.4/aws-serverless-java-container-springboot3-2.1.4.jar:/home/kishore-rajkumar/.m2/repository/org/springframework/cloud/spring-cloud-function-serverless-web/4.1.5/spring-cloud-function-serverless-web-4.1.5.jar:/home/kishore-rajkumar/.m2/repository/com/amazonaws/serverless/aws-serverless-java-container-core/2.1.4/aws-serverless-java-container-core-2.1.4.jar:/home/kishore-rajkumar/.m2/repository/org/slf4j/slf4j-api/2.0.17/slf4j-api-2.0.17.jar:/home/kishore-rajkumar/.m2/repository/com/amazonaws/serverless/aws-serverless-java-container-core/2.1.4/aws-serverless-java-container-core-2.1.4-tests.jar:/home/kishore-rajkumar/.m2/repository/com/amazonaws/aws-lambda-java-core/1.2.3/aws-lambda-java-core-1.2.3.jar:/home/kishore-rajkumar/.m2/repository/jakarta/servlet/jakarta.servlet-api/6.0.0/jakarta.servlet-api-6.0.0.jar:/home/kishore-rajkumar/.m2/repository/jakarta/ws/rs/jakarta.ws.rs-api/3.1.0/jakarta.ws.rs-api-3.1.0.jar:/home/kishore-rajkumar/.m2/repository/com/fasterxml/jackson/core/jackson-databind/2.18.3/jackson-databind-2.18.3.jar:/home/kishore-rajkumar/.m2/repository/com/fasterxml/jackson/core/jackson-annotations/2.18.3/jackson-annotations-2.18.3.jar:/home/kishore-rajkumar/.m2/repository/com/fasterxml/jackson/core/jackson-core/2.18.3/jackson-core-2.18.3.jar:/home/kishore-rajkumar/.m2/repository/com/fasterxml/jackson/module/jackson-module-afterburner/2.18.3/jackson-module-afterburner-2.18.3.jar:/home/kishore-rajkumar/.m2/repository/org/apache/commons/commons-fileupload2-jakarta-servlet6/2.0.0-M4/commons-fileupload2-jakarta-servlet6-2.0.0-M4.jar:/home/kishore-rajkumar/.m2/repository/org/apache/commons/commons-fileupload2-core/2.0.0-M4/commons-fileupload2-core-2.0.0-M4.jar:/home/kishore-rajkumar/.m2/repository/commons-io/commons-io/2.19.0/commons-io-2.19.0.jar:/home/kishore-rajkumar/.m2/repository/org/apache/httpcomponents/client5/httpclient5/5.4.3/httpclient5-5.4.3.jar:/home/kishore-rajkumar/.m2/repository/org/apache/httpcomponents/core5/httpcore5/5.3.4/httpcore5-5.3.4.jar:/home/kishore-rajkumar/.m2/repository/org/apache/httpcomponents/core5/httpcore5-h2/5.3.4/httpcore5-h2-5.3.4.jar:/home/kishore-rajkumar/.m2/repository/org/springframework/boot/spring-boot-starter-web/3.4.5/spring-boot-starter-web-3.4.5.jar:/home/kishore-rajkumar/.m2/repository/org/springframework/boot/spring-boot-starter/3.4.5/spring-boot-starter-3.4.5.jar:/home/kishore-rajkumar/.m2/repository/org/springframework/boot/spring-boot/3.4.5/spring-boot-3.4.5.jar:/home/kishore-rajkumar/.m2/repository/org/springframework/boot/spring-boot-autoconfigure/3.4.5/spring-boot-autoconfigure-3.4.5.jar:/home/kishore-rajkumar/.m2/repository/org/springframework/boot/spring-boot-starter-logging/3.4.5/spring-boot-starter-logging-3.4.5.jar:/home/kishore-rajkumar/.m2/repository/ch/qos/logback/logback-classic/1.5.18/logback-classic-1.5.18.jar:/home/kishore-rajkumar/.m2/repository/ch/qos/logback/logback-core/1.5.18/logback-core-1.5.18.jar:/home/kishore-rajkumar/.m2/repository/org/apache/logging/log4j/log4j-to-slf4j/2.24.3/log4j-to-slf4j-2.24.3.jar:/home/kishore-rajkumar/.m2/repository/org/apache/logging/log4j/log4j-api/2.24.3/log4j-api-2.24.3.jar:/home/kishore-rajkumar/.m2/repository/org/slf4j/jul-to-slf4j/2.0.17/jul-to-slf4j-2.0.17.jar:/home/kishore-rajkumar/.m2/repository/jakarta/annotation/jakarta.annotation-api/2.1.1/jakarta.annotation-api-2.1.1.jar:/home/kishore-rajkumar/.m2/repository/org/springframework/spring-core/6.2.6/spring-core-6.2.6.jar:/home/kishore-rajkumar/.m2/repository/org/springframework/spring-jcl/6.2.6/spring-jcl-6.2.6.jar:/home/kishore-rajkumar/.m2/repository/org/yaml/snakeyaml/2.3/snakeyaml-2.3.jar:/home/kishore-rajkumar/.m2/repository/org/springframework/boot/spring-boot-starter-json/3.4.5/spring-boot-starter-json-3.4.5.jar:/home/kishore-rajkumar/.m2/repository/com/fasterxml/jackson/datatype/jackson-datatype-jdk8/2.18.3/jackson-datatype-jdk8-2.18.3.jar:/home/kishore-rajkumar/.m2/repository/com/fasterxml/jackson/datatype/jackson-datatype-jsr310/2.18.3/jackson-datatype-jsr310-2.18.3.jar:/home/kishore-rajkumar/.m2/repository/com/fasterxml/jackson/module/jackson-module-parameter-names/2.18.3/jackson-module-parameter-names-2.18.3.jar:/home/kishore-rajkumar/.m2/repository/org/springframework/spring-web/6.2.6/spring-web-6.2.6.jar:/home/kishore-rajkumar/.m2/repository/org/springframework/spring-beans/6.2.6/spring-beans-6.2.6.jar:/home/kishore-rajkumar/.m2/repository/io/micrometer/micrometer-observation/1.14.6/micrometer-observation-1.14.6.jar:/home/kishore-rajkumar/.m2/repository/io/micrometer/micrometer-commons/1.14.6/micrometer-commons-1.14.6.jar:/home/kishore-rajkumar/.m2/repository/org/springframework/spring-webmvc/6.2.6/spring-webmvc-6.2.6.jar:/home/kishore-rajkumar/.m2/repository/org/springframework/spring-aop/6.2.6/spring-aop-6.2.6.jar:/home/kishore-rajkumar/.m2/repository/org/springframework/spring-context/6.2.6/spring-context-6.2.6.jar:/home/kishore-rajkumar/.m2/repository/org/springframework/spring-expression/6.2.6/spring-expression-6.2.6.jar:/home/kishore-rajkumar/.m2/repository/org/junit/jupiter/junit-jupiter/5.12.2/junit-jupiter-5.12.2.jar:/home/kishore-rajkumar/.m2/repository/org/junit/jupiter/junit-jupiter-api/5.12.2/junit-jupiter-api-5.12.2.jar:/home/kishore-rajkumar/.m2/repository/org/opentest4j/opentest4j/1.3.0/opentest4j-1.3.0.jar:/home/kishore-rajkumar/.m2/repository/org/junit/platform/junit-platform-commons/1.12.2/junit-platform-commons-1.12.2.jar:/home/kishore-rajkumar/.m2/repository/org/apiguardian/apiguardian-api/1.1.2/apiguardian-api-1.1.2.jar:/home/kishore-rajkumar/.m2/repository/org/junit/jupiter/junit-jupiter-params/5.12.2/junit-jupiter-params-5.12.2.jar:/home/kishore-rajkumar/.m2/repository/org/junit/jupiter/junit-jupiter-engine/5.12.2/junit-jupiter-engine-5.12.2.jar:/home/kishore-rajkumar/.m2/repository/org/junit/platform/junit-platform-engine/1.12.2/junit-platform-engine-1.12.2.jar:"/>
    <property name="sun.cpu.endian" value="little"/>
    <property name="user.home" value="/home/kishore-rajkumar"/>
    <property name="user.language" value="en"/>
    <property name="java.specification.vendor" value="Oracle Corporation"/>
    <property name="java.version.date" value="2025-07-15"/>
    <property name="java.home" value="/usr/lib/jvm/java-17-openjdk-amd64"/>
    <property name="file.separator" value="/"/>
    <property name="basedir" value="/home/kishore-rajkumar/eclipse-workspacee/springboot-lambda"/>
    <property name="java.vm.compressedOopsMode" value="32-bit"/>
    <property name="line.separator" value="&#10;"/>
    <property name="java.specification.name" value="Java Platform API Specification"/>
    <property name="java.vm.specification.vendor" value="Oracle Corporation"/>
    <property name="FILE_LOG_CHARSET" value="UTF-8"/>
    <property name="java.awt.headless" value="true"/>
    <property name="surefire.real.class.path" value="/home/kishore-rajkumar/eclipse-workspacee/springboot-lambda/target/surefire/surefirebooter-20250825200210269_3.jar"/>
    <property name="sun.management.compiler" value="HotSpot 64-Bit Tiered Compilers"/>
    <property name="java.runtime.version" value="17.0.16+8-Ubuntu-0ubuntu124.04.1"/>
    <property name="user.name" value="kishore-rajkumar"/>
    <property name="path.separator" value=":"/>
    <property name="os.version" value="6.14.0-28-generic"/>
    <property name="java.runtime.name" value="OpenJDK Runtime Environment"/>
    <property name="file.encoding" value="UTF-8"/>
    <property name="java.vm.name" value="OpenJDK 64-Bit Server VM"/>
    <property name="localRepository" value="/home/kishore-rajkumar/.m2/repository"/>
    <property name="java.vendor.url.bug" value="https://bugs.launchpad.net/ubuntu/+source/openjdk-17"/>
    <property name="java.io.tmpdir" value="/tmp"/>
    <property name="java.version" value="17.0.16"/>
    <property name="user.dir" value="/home/kishore-rajkumar/eclipse-workspacee/springboot-lambda"/>
    <property name="os.arch" value="amd64"/>
    <property name="java.vm.specification.name" value="Java Virtual Machine Specification"/>
    <property name="PID" value="7847"/>
    <property name="CONSOLE_LOG_CHARSET" value="UTF-8"/>
    <property name="native.encoding" value="UTF-8"/>
    <property name="java.library.path" value="/usr/java/packages/lib:/usr/lib/x86_64-linux-gnu/jni:/lib/x86_64-linux-gnu:/usr/lib/x86_64-linux-gnu:/usr/lib/jni:/lib:/usr/lib"/>
    <property name="java.vm.info" value="mixed mode, sharing"/>
    <property name="java.vendor" value="Ubuntu"/>
    <property name="java.vm.version" value="17.0.16+8-Ubuntu-0ubuntu124.04.1"/>
    <property name="java.specification.maintenance.version" value="1"/>
    <property name="sun.io.unicode.encoding" value="UnicodeLittle"/>
    <property name="java.class.version" value="61.0"/>
  </properties>
  <testcase name="ping_streamRequest_respondsWithHello" classname="com.kishore.springboot_lambda.StreamLambdaHandlerTest" time="0.313">
    <system-out><![CDATA[20:02:12.736 [main] INFO com.amazonaws.serverless.proxy.internal.LambdaContainerHandler -- Starting Lambda Container Handler

  .   ____          _            __ _ _
 /\\ / ___'_ __ _ _(_)_ __  __ _ \ \ \ \
( ( )\___ | '_ | '_| | '_ \/ _` | \ \ \ \
 \\/  ___)| |_)| | | | | || (_| |  ) ) ) )
  '  |____| .__|_| |_|_| |_\__, | / / / /
 =========|_|==============|___/=/_/_/_/

 :: Spring Boot ::                (v3.4.5)

]]></system-out>
  </testcase>
  <testcase name="invalidResource_streamRequest_responds404" classname="com.kishore.springboot_lambda.StreamLambdaHandlerTest" time="0.009">
    <system-out><![CDATA[2025-08-25T20:02:16.889+05:30  WARN 7847 --- [           main] o.s.web.servlet.PageNotFound             : No mapping for GET /pong
2025-08-25T20:02:16.892+05:30  WARN 7847 --- [           main] o.s.web.servlet.PageNotFound             : No endpoint GET /pong.
]]></system-out>
  </testcase>
</testsuite>